XrSamples/XrControllers/Projects/Android/build/intermediates/manifest_merge_blame_file/debug/manifest-merger-blame-debug-report.txt
1<?xml version="1.0" encoding="utf-8"?>
2<manifest xmlns:android="http://schemas.android.com/apk/res/android"
3    package="com.oculus.sdk.xrcontrollers"
4    android:installLocation="auto"
5    android:versionCode="1"
6    android:versionName="1.0" >
7
8    <uses-sdk
9        android:minSdkVersion="24"
9-->Projects/Android/AndroidManifest.xml
10        android:targetSdkVersion="25" />
10-->Projects/Android/AndroidManifest.xml
11
12    <!-- Enable report events to Telemetry Service -->
13    <uses-permission android:name="com.oculus.permission.REPORT_EVENTS" />
13-->Projects/Android/AndroidManifest.xml:9:5-75
13-->Projects/Android/AndroidManifest.xml:9:22-72
14    <uses-permission android:name="com.oculus.permission.REPORT_EVENTS_DEBUG" />
14-->Projects/Android/AndroidManifest.xml:10:5-81
14-->Projects/Android/AndroidManifest.xml:10:22-78
15    <uses-permission android:name="android.permission.MODIFY_AUDIO_SETTINGS" />
15-->Projects/Android/AndroidManifest.xml:11:2-77
15-->Projects/Android/AndroidManifest.xml:11:19-74
16    <uses-permission android:name="android.permission.INTERNET" />
16-->Projects/Android/AndroidManifest.xml:12:2-64
16-->Projects/Android/AndroidManifest.xml:12:19-61
17    <uses-permission android:name="android.permission.ACCESS_NETWORK_STATE" />
17-->Projects/Android/AndroidManifest.xml:13:2-76
17-->Projects/Android/AndroidManifest.xml:13:19-73
18
19    <uses-feature android:name="android.hardware.usb.host" />
19-->Projects/Android/AndroidManifest.xml:14:2-59
19-->Projects/Android/AndroidManifest.xml:14:16-56
20    <!-- Tell the system this app requires OpenGL ES 3.1. -->
21    <uses-feature
21-->Projects/Android/AndroidManifest.xml:16:2-75
22        android:glEsVersion="0x00030001"
22-->Projects/Android/AndroidManifest.xml:16:16-48
23        android:required="true" />
23-->Projects/Android/AndroidManifest.xml:16:49-72
24    <uses-feature
24-->Projects/Android/AndroidManifest.xml:18:2-90
25        android:name="android.hardware.vr.headtracking"
25-->Projects/Android/AndroidManifest.xml:18:16-63
26        android:required="true" />
26-->Projects/Android/AndroidManifest.xml:18:64-87
27
28    <!-- Tell the system this app can handle tracked remotes and hands -->
29    <uses-feature
29-->Projects/Android/AndroidManifest.xml:21:2-87
30        android:name="oculus.software.handtracking"
30-->Projects/Android/AndroidManifest.xml:21:16-59
31        android:required="false" />
31-->Projects/Android/AndroidManifest.xml:21:60-84
32
33    <uses-permission android:name="com.oculus.permission.HAND_TRACKING" />
33-->Projects/Android/AndroidManifest.xml:22:2-72
33-->Projects/Android/AndroidManifest.xml:22:19-69
34
35    <!-- Tell the system this app uses experimental extensions -->
36    <uses-feature
36-->Projects/Android/AndroidManifest.xml:25:5-92
37        android:name="com.oculus.experimental.enabled"
37-->Projects/Android/AndroidManifest.xml:25:19-65
38        android:required="true" />
38-->Projects/Android/AndroidManifest.xml:25:66-89
39
40    <application
40-->Projects/Android/AndroidManifest.xml:27:2-53:16
41        android:allowBackup="false"
41-->Projects/Android/AndroidManifest.xml:28:4-31
42        android:debuggable="true"
43        android:extractNativeLibs="false"
44        android:label="@string/app_name" >
44-->Projects/Android/AndroidManifest.xml:29:4-36
45        <meta-data
45-->Projects/Android/AndroidManifest.xml:30:3-94
46            android:name="com.samsung.android.vr.application.mode"
46-->Projects/Android/AndroidManifest.xml:30:14-68
47            android:value="vr_only" />
47-->Projects/Android/AndroidManifest.xml:30:69-92
48        <meta-data
48-->Projects/Android/AndroidManifest.xml:31:6-82
49            android:name="com.oculus.supportedDevices"
49-->Projects/Android/AndroidManifest.xml:31:17-59
50            android:value="all" />
50-->Projects/Android/AndroidManifest.xml:31:60-79
51
52        <!-- launchMode is set to singleTask because there should never be multiple copies of the app running -->
53        <!-- Theme.Black.NoTitleBar.Fullscreen gives solid black instead of a (bad stereoscopic) gradient on app transition -->
54        <!-- If targeting API level 24+, configChanges should additionally include 'density'. -->
55        <!-- If targeting API level 24+, android:resizeableActivity="false" should be added. -->
56        <activity
56-->Projects/Android/AndroidManifest.xml:37:3-52:14
57            android:name="com.oculus.sdk.xrcontrollers.MainActivity"
57-->Projects/Android/AndroidManifest.xml:38:5-61
58            android:configChanges="screenSize|screenLayout|orientation|keyboardHidden|keyboard|navigation|uiMode"
58-->Projects/Android/AndroidManifest.xml:43:5-106
59            android:label="@string/app_name"
59-->Projects/Android/AndroidManifest.xml:40:5-37
60            android:launchMode="singleTask"
60-->Projects/Android/AndroidManifest.xml:41:5-36
61            android:screenOrientation="landscape"
61-->Projects/Android/AndroidManifest.xml:42:5-42
62            android:theme="@android:style/Theme.Black.NoTitleBar.Fullscreen" >
62-->Projects/Android/AndroidManifest.xml:39:5-69
63
64            <!-- Tell NativeActivity the name of the .so -->
65            <!-- FIXUP: library name -->
66            <meta-data
66-->Projects/Android/AndroidManifest.xml:46:7-86
67                android:name="android.app.lib_name"
67-->Projects/Android/AndroidManifest.xml:46:18-53
68                android:value="xrcontrollers" />
68-->Projects/Android/AndroidManifest.xml:46:54-83
69            <!-- This filter lets the apk show up as a launchable icon -->
70            <intent-filter>
70-->Projects/Android/AndroidManifest.xml:48:4-51:20
71                <action android:name="android.intent.action.MAIN" />
71-->Projects/Android/AndroidManifest.xml:49:5-57
71-->Projects/Android/AndroidManifest.xml:49:13-54
72
73                <category android:name="android.intent.category.LAUNCHER" />
73-->Projects/Android/AndroidManifest.xml:50:5-65
73-->Projects/Android/AndroidManifest.xml:50:15-62
74            </intent-filter>
75        </activity>
76    </application>
77
78</manifest>